# JRE version: OpenJDK Runtime Environment Temurin-11.0.26+4 (11.0.26+4) (build 11.0.26+4)
# Java VM: OpenJDK 64-Bit Server VM Temurin-11.0.26+4 (11.0.26+4, mixed mode, tiered, compressed oops, g1 gc, windows-amd64)
Heap:
 garbage-first heap   total 143360K, used 75004K [0x00000000a1e00000, 0x0000000100000000)
  region size 1024K, 11 young (11264K), 2 survivors (2048K)
 Metaspace       used 128245K, capacity 135266K, committed 135592K, reserved 1163264K
  class space    used 17668K, capacity 21209K, committed 21336K, reserved 1048576K
GC Heap History (20 events):
Event: 29.595 GC heap before
{Heap before GC invocations=42 (full 0):
 garbage-first heap   total 118784K, used 94699K [0x00000000a1e00000, 0x0000000100000000)
  region size 1024K, 34 young (34816K), 2 survivors (2048K)
 Metaspace       used 127074K, capacity 133958K, committed 134312K, reserved 1163264K
  class space    used 17519K, capacity 20978K, committed 21080K, reserved 1048576K
}
Event: 29.599 GC heap after
{Heap after GC invocations=43 (full 0):
 garbage-first heap   total 118784K, used 62290K [0x00000000a1e00000, 0x0000000100000000)
  region size 1024K, 2 young (2048K), 2 survivors (2048K)
 Metaspace       used 127074K, capacity 133958K, committed 134312K, reserved 1163264K
  class space    used 17519K, capacity 20978K, committed 21080K, reserved 1048576K
}
Event: 29.666 GC heap before
{Heap before GC invocations=43 (full 0):
 garbage-first heap   total 118784K, used 93010K [0x00000000a1e00000, 0x0000000100000000)
  region size 1024K, 32 young (32768K), 2 survivors (2048K)
 Metaspace       used 127074K, capacity 133958K, committed 134312K, reserved 1163264K
  class space    used 17519K, capacity 20978K, committed 21080K, reserved 1048576K
}
Event: 29.670 GC heap after
{Heap after GC invocations=44 (full 0):
 garbage-first heap   total 118784K, used 62364K [0x00000000a1e00000, 0x0000000100000000)
  region size 1024K, 2 young (2048K), 2 survivors (2048K)
 Metaspace       used 127074K, capacity 133958K, committed 134312K, reserved 1163264K
  class space    used 17519K, capacity 20978K, committed 21080K, reserved 1048576K
}
Event: 29.789 GC heap before
{Heap before GC invocations=45 (full 0):
 garbage-first heap   total 118784K, used 94108K [0x00000000a1e00000, 0x0000000100000000)
  region size 1024K, 33 young (33792K), 2 survivors (2048K)
 Metaspace       used 127178K, capacity 134097K, committed 134312K, reserved 1163264K
  class space    used 17541K, capacity 21010K, committed 21080K, reserved 1048576K
}
Event: 29.793 GC heap after
{Heap after GC invocations=46 (full 0):
 garbage-first heap   total 118784K, used 62369K [0x00000000a1e00000, 0x0000000100000000)
  region size 1024K, 2 young (2048K), 2 survivors (2048K)
 Metaspace       used 127178K, capacity 134097K, committed 134312K, reserved 1163264K
  class space    used 17541K, capacity 21010K, committed 21080K, reserved 1048576K
}
Event: 29.803 GC heap before
{Heap before GC invocations=46 (full 0):
 garbage-first heap   total 118784K, used 69537K [0x00000000a1e00000, 0x0000000100000000)
  region size 1024K, 10 young (10240K), 2 survivors (2048K)
 Metaspace       used 127201K, capacity 134097K, committed 134312K, reserved 1163264K
  class space    used 17541K, capacity 21010K, committed 21080K, reserved 1048576K
}
Event: 29.807 GC heap after
{Heap after GC invocations=47 (full 0):
 garbage-first heap   total 118784K, used 62287K [0x00000000a1e00000, 0x0000000100000000)
  region size 1024K, 2 young (2048K), 2 survivors (2048K)
 Metaspace       used 127201K, capacity 134097K, committed 134312K, reserved 1163264K
  class space    used 17541K, capacity 21010K, committed 21080K, reserved 1048576K
}
Event: 30.004 GC heap before
{Heap before GC invocations=48 (full 0):
 garbage-first heap   total 118784K, used 76623K [0x00000000a1e00000, 0x0000000100000000)
  region size 1024K, 13 young (13312K), 2 survivors (2048K)
 Metaspace       used 127230K, capacity 134100K, committed 134312K, reserved 1163264K
  class space    used 17541K, capacity 21010K, committed 21080K, reserved 1048576K
}
Event: 30.009 GC heap after
{Heap after GC invocations=49 (full 0):
 garbage-first heap   total 118784K, used 60780K [0x00000000a1e00000, 0x0000000100000000)
  region size 1024K, 2 young (2048K), 2 survivors (2048K)
 Metaspace       used 127230K, capacity 134100K, committed 134312K, reserved 1163264K
  class space    used 17541K, capacity 21010K, committed 21080K, reserved 1048576K
}
Event: 30.387 GC heap before
{Heap before GC invocations=50 (full 0):
 garbage-first heap   total 118784K, used 69996K [0x00000000a1e00000, 0x0000000100000000)
  region size 1024K, 11 young (11264K), 2 survivors (2048K)
 Metaspace       used 127426K, capacity 134299K, committed 134568K, reserved 1163264K
  class space    used 17564K, capacity 21043K, committed 21080K, reserved 1048576K
}
Event: 30.391 GC heap after
{Heap after GC invocations=51 (full 0):
 garbage-first heap   total 118784K, used 60986K [0x00000000a1e00000, 0x0000000100000000)
  region size 1024K, 2 young (2048K), 2 survivors (2048K)
 Metaspace       used 127426K, capacity 134299K, committed 134568K, reserved 1163264K
  class space    used 17564K, capacity 21043K, committed 21080K, reserved 1048576K
}
Event: 30.853 GC heap before
{Heap before GC invocations=52 (full 0):
 garbage-first heap   total 118784K, used 69178K [0x00000000a1e00000, 0x0000000100000000)
  region size 1024K, 6 young (6144K), 2 survivors (2048K)
 Metaspace       used 127546K, capacity 134491K, committed 134696K, reserved 1163264K
  class space    used 17595K, capacity 21095K, committed 21208K, reserved 1048576K
}
Event: 30.858 GC heap after
{Heap after GC invocations=53 (full 0):
 garbage-first heap   total 118784K, used 61026K [0x00000000a1e00000, 0x0000000100000000)
  region size 1024K, 2 young (2048K), 2 survivors (2048K)
 Metaspace       used 127546K, capacity 134491K, committed 134696K, reserved 1163264K
  class space    used 17595K, capacity 21095K, committed 21208K, reserved 1048576K
}
Event: 31.288 GC heap before
{Heap before GC invocations=54 (full 0):
 garbage-first heap   total 118784K, used 65122K [0x00000000a1e00000, 0x0000000100000000)
  region size 1024K, 5 young (5120K), 2 survivors (2048K)
 Metaspace       used 127693K, capacity 134642K, committed 134952K, reserved 1163264K
  class space    used 17617K, capacity 21131K, committed 21208K, reserved 1048576K
}
Event: 31.294 GC heap after
{Heap after GC invocations=55 (full 0):
 garbage-first heap   total 118784K, used 61129K [0x00000000a1e00000, 0x0000000100000000)
  region size 1024K, 2 young (2048K), 2 survivors (2048K)
 Metaspace       used 127693K, capacity 134642K, committed 134952K, reserved 1163264K
  class space    used 17617K, capacity 21131K, committed 21208K, reserved 1048576K
}
Event: 31.968 GC heap before
{Heap before GC invocations=56 (full 0):
 garbage-first heap   total 118784K, used 69321K [0x00000000a1e00000, 0x0000000100000000)
  region size 1024K, 6 young (6144K), 2 survivors (2048K)
 Metaspace       used 127793K, capacity 134848K, committed 134952K, reserved 1163264K
  class space    used 17633K, capacity 21158K, committed 21208K, reserved 1048576K
}
Event: 31.973 GC heap after
{Heap after GC invocations=57 (full 0):
 garbage-first heap   total 143360K, used 61050K [0x00000000a1e00000, 0x0000000100000000)
  region size 1024K, 2 young (2048K), 2 survivors (2048K)
 Metaspace       used 127793K, capacity 134848K, committed 134952K, reserved 1163264K
  class space    used 17633K, capacity 21158K, committed 21208K, reserved 1048576K
}
Event: 32.379 GC heap before
{Heap before GC invocations=58 (full 0):
 garbage-first heap   total 143360K, used 72314K [0x00000000a1e00000, 0x0000000100000000)
  region size 1024K, 12 young (12288K), 2 survivors (2048K)
 Metaspace       used 127994K, capacity 135023K, committed 135208K, reserved 1163264K
  class space    used 17642K, capacity 21173K, committed 21208K, reserved 1048576K
}
Event: 32.386 GC heap after
{Heap after GC invocations=59 (full 0):
 garbage-first heap   total 143360K, used 61692K [0x00000000a1e00000, 0x0000000100000000)
  region size 1024K, 2 young (2048K), 2 survivors (2048K)
 Metaspace       used 127994K, capacity 135023K, committed 135208K, reserved 1163264K
  class space    used 17642K, capacity 21173K, committed 21208K, reserved 1048576K
}

